<?xml version="1.0" encoding="UTF-8"?>
<!-- Generated by org.testng.reporters.JUnitReportReporter -->
<testsuite skipped="0" hostname="DESKTOP-R97KMG8" name="DPckg.Dclass" tests="1" failures="0" timestamp="23 Apr 2020 16:01:52 GMT" time="0.012" errors="0">
  <testcase name="testM" time="0.012" classname="DPckg.Dclass"/>
</testsuite> <!-- DPckg.Dclass -->
